<?xml version="1.0" encoding="UTF-8"?>
<testng-results skipped="0" failed="1" ignored="0" total="1" passed="0">
  <reporter-output>
    <line>
      <![CDATA[--browser lauch---]]>
    </line>
    <line>
      <![CDATA[--url is entered---]]>
    </line>
  </reporter-output>
  <suite name="Default suite" duration-ms="11730" started-at="2023-04-25T15:03:08 IST" finished-at="2023-04-25T15:03:19 IST">
    <groups>
    </groups>
    <test name="Default test" duration-ms="11730" started-at="2023-04-25T15:03:08 IST" finished-at="2023-04-25T15:03:19 IST">
      <class name="TestClasses.Logintest">
        <test-method status="PASS" signature="launch()[pri:0, instance:TestClasses.Logintest@6dde5c8c]" name="launch" is-config="true" duration-ms="8884" started-at="2023-04-25T15:03:08 IST" finished-at="2023-04-25T15:03:16 IST">
          <reporter-output>
            <line>
              <![CDATA[--browser lauch---]]>
            </line>
            <line>
              <![CDATA[--url is entered---]]>
            </line>
          </reporter-output>
        </test-method> <!-- launch -->
        <test-method status="PASS" signature="maxibrowser()[pri:0, instance:TestClasses.Logintest@6dde5c8c]" name="maxibrowser" is-config="true" duration-ms="1" started-at="2023-04-25T15:03:16 IST" finished-at="2023-04-25T15:03:16 IST">
          <reporter-output>
          </reporter-output>
        </test-method> <!-- maxibrowser -->
        <test-method status="FAIL" signature="testcase1()[pri:0, instance:TestClasses.Logintest@6dde5c8c]" name="testcase1" duration-ms="2778" started-at="2023-04-25T15:03:16 IST" finished-at="2023-04-25T15:03:19 IST">
          <exception class="java.io.FileNotFoundException">
            <message>
              <![CDATA[C:\Users\NITIN\Documents\parametarized\insurancedataread.xlsx (The system cannot find the path specified)]]>
            </message>
            <full-stacktrace>
              <![CDATA[java.io.FileNotFoundException: C:\Users\NITIN\Documents\parametarized\insurancedataread.xlsx (The system cannot find the path specified)
at java.io.FileInputStream.open0(Native Method)
at java.io.FileInputStream.open(Unknown Source)
at java.io.FileInputStream.<init>(Unknown Source)
at java.io.FileInputStream.<init>(Unknown Source)
at BaseClasses.Utility.reaData(Utility.java:25)
at TestClasses.Logintest.testcase1(Logintest.java:55)
at sun.reflect.NativeMethodAccessorImpl.invoke0(Native Method)
at sun.reflect.NativeMethodAccessorImpl.invoke(Unknown Source)
at sun.reflect.DelegatingMethodAccessorImpl.invoke(Unknown Source)
at java.lang.reflect.Method.invoke(Unknown Source)
at org.testng.internal.MethodInvocationHelper.invokeMethod(MethodInvocationHelper.java:133)
at org.testng.internal.TestInvoker.invokeMethod(TestInvoker.java:598)
at org.testng.internal.TestInvoker.invokeTestMethod(TestInvoker.java:173)
at org.testng.internal.MethodRunner.runInSequence(MethodRunner.java:46)
at org.testng.internal.TestInvoker$MethodInvocationAgent.invoke(TestInvoker.java:824)
at org.testng.internal.TestInvoker.invokeTestMethods(TestInvoker.java:146)
at org.testng.internal.TestMethodWorker.invokeTestMethods(TestMethodWorker.java:146)
at org.testng.internal.TestMethodWorker.run(TestMethodWorker.java:128)
at java.util.ArrayList.forEach(Unknown Source)
at org.testng.TestRunner.privateRun(TestRunner.java:794)
at org.testng.TestRunner.run(TestRunner.java:596)
at org.testng.SuiteRunner.runTest(SuiteRunner.java:377)
at org.testng.SuiteRunner.runSequentially(SuiteRunner.java:371)
at org.testng.SuiteRunner.privateRun(SuiteRunner.java:332)
at org.testng.SuiteRunner.run(SuiteRunner.java:276)
at org.testng.SuiteRunnerWorker.runSuite(SuiteRunnerWorker.java:53)
at org.testng.SuiteRunnerWorker.run(SuiteRunnerWorker.java:96)
at org.testng.TestNG.runSuitesSequentially(TestNG.java:1212)
at org.testng.TestNG.runSuitesLocally(TestNG.java:1134)
at org.testng.TestNG.runSuites(TestNG.java:1063)
at org.testng.TestNG.run(TestNG.java:1031)
at org.testng.remote.AbstractRemoteTestNG.run(AbstractRemoteTestNG.java:115)
at org.testng.remote.RemoteTestNG.initAndRun(RemoteTestNG.java:251)
at org.testng.remote.RemoteTestNG.main(RemoteTestNG.java:77)
]]>
            </full-stacktrace>
          </exception> <!-- java.io.FileNotFoundException -->
          <reporter-output>
          </reporter-output>
        </test-method> <!-- testcase1 -->
        <test-method status="PASS" signature="refresh()[pri:0, instance:TestClasses.Logintest@6dde5c8c]" name="refresh" is-config="true" duration-ms="1" started-at="2023-04-25T15:03:19 IST" finished-at="2023-04-25T15:03:19 IST">
          <reporter-output>
          </reporter-output>
        </test-method> <!-- refresh -->
        <test-method status="PASS" signature="end()[pri:0, instance:TestClasses.Logintest@6dde5c8c]" name="end" is-config="true" duration-ms="0" started-at="2023-04-25T15:03:19 IST" finished-at="2023-04-25T15:03:19 IST">
          <reporter-output>
          </reporter-output>
        </test-method> <!-- end -->
      </class> <!-- TestClasses.Logintest -->
    </test> <!-- Default test -->
  </suite> <!-- Default suite -->
</testng-results>
